ssh: connect to host 192.168.0.149 port 22: No route to host
rsync: connection unexpectedly closed (0 bytes received so far) [sender]
rsync error: unexplained error (code 255) at io.c(235) [sender=3.1.2]
ssh: connect to host 192.168.0.149 port 22: No route to host
rsync: connection unexpectedly closed (0 bytes received so far) [sender]
rsync error: unexplained error (code 255) at io.c(235) [sender=3.1.2]
ssh: connect to host 192.168.0.149 port 22: No route to host
rsync: connection unexpectedly closed (0 bytes received so far) [sender]
rsync error: unexplained error (code 255) at io.c(235) [sender=3.1.2]
sending incremental file list
complete/[ECM 1399 NS] Meredith Monk - Book Of Days (1990)/
complete/[ECM 1399 NS] Meredith Monk - Book Of Days (1990)/11. Jewish Storyteller-Dance-Dream.flac
complete/[ECM 1399 NS] Meredith Monk - Book Of Days (1990)/12. Plague.flac
complete/[ECM 1399 NS] Meredith Monk - Book Of Days (1990)/13. Madwoman's Vision.flac
complete/[ECM 1399 NS] Meredith Monk - Book Of Days (1990)/14. Cave Song.flac
complete/[ECM 1399 NS] Meredith Monk - Book Of Days (1990)/Covers/Book of days-back.jpg
complete/[ECM 1399 NS] Meredith Monk - Book Of Days (1990)/Covers/Book of days-cd.jpg
complete/[ECM 1399 NS] Meredith Monk - Book Of Days (1990)/Covers/Book of days-front.jpg
complete/[ECM 1399 NS] Meredith Monk - Book Of Days (1990)/Covers/Book of days-in.jpg
complete/[ECM 1399 NS] Meredith Monk - Book Of Days (1990)/Covers/Book of days-in2.jpg
complete/[ECM 1448] Don Cherry - Dona Nostra (1994)/
complete/[ECM 1448] Don Cherry - Dona Nostra (1994)/01. In Memoriam.flac
complete/[ECM 1448] Don Cherry - Dona Nostra (1994)/02. Fort Cherry.flac
complete/[ECM 1448] Don Cherry - Dona Nostra (1994)/03. Arrows.flac
complete/[ECM 1448] Don Cherry - Dona Nostra (1994)/04. M'Bizo.flac
complete/[ECM 1448] Don Cherry - Dona Nostra (1994)/05. Race Face.flac
complete/[ECM 1448] Don Cherry - Dona Nostra (1994)/06. Prayer.flac
complete/[ECM 1448] Don Cherry - Dona Nostra (1994)/07. What Reason Could I Give.flac
complete/[ECM 1448] Don Cherry - Dona Nostra (1994)/08. Vienna.flac
complete/[ECM 1448] Don Cherry - Dona Nostra (1994)/09. Ahayu-Da.flac
complete/[ECM 1448] Don Cherry - Dona Nostra (1994)/covers/booklet back.png
complete/[ECM 1448] Don Cherry - Dona Nostra (1994)/covers/booklet front.png
complete/[ECM 1448] Don Cherry - Dona Nostra (1994)/covers/tray.png
complete/[ECM 1457] Anouar Brahem - Conte de l'incroyable Amour (1992)/01. Etincelles.flac
complete/[ECM 1457] Anouar Brahem - Conte de l'incroyable Amour (1992)/02. Le Chien sur les genoux de la devineresse.flac
complete/[ECM 1457] Anouar Brahem - Conte de l'incroyable Amour (1992)/03. L'oiseau de bois.flac
complete/[ECM 1457] Anouar Brahem - Conte de l'incroyable Amour (1992)/04. Lumiere du silence.flac
complete/[ECM 1457] Anouar Brahem - Conte de l'incroyable Amour (1992)/05. Conte de L'incoryable amour.flac
complete/[ECM 1457] Anouar Brahem - Conte de l'incroyable Amour (1992)/06. Peshrev Hidjaz Homayoun.flac
complete/[ECM 1457] Anouar Brahem - Conte de l'incroyable Amour (1992)/07. Diversion.flac
complete/[ECM 1457] Anouar Brahem - Conte de l'incroyable Amour (1992)/08. Nayzak.flac
complete/[ECM 1457] Anouar Brahem - Conte de l'incroyable Amour (1992)/09. Battements.flac
complete/[ECM 1457] Anouar Brahem - Conte de l'incroyable Amour (1992)/10. En souvenir d'Iram.flac
complete/[ECM 1457] Anouar Brahem - Conte de l'incroyable Amour (1992)/11. Iram retrouvee.flac
complete/[ECM 1457] Anouar Brahem - Conte de l'incroyable Amour (1992)/12. Epiloque.flac
complete/[ECM 1457] Anouar Brahem - Conte de l'incroyable Amour (1992)/Back.jpg
complete/[ECM 1457] Anouar Brahem - Conte de l'incroyable Amour (1992)/Booklet 01.jpg
complete/[ECM 1457] Anouar Brahem - Conte de l'incroyable Amour (1992)/Booklet 02.jpg
complete/[ECM 1457] Anouar Brahem - Conte de l'incroyable Amour (1992)/CD.jpg
complete/[ECM 1457] Anouar Brahem - Conte de l'incroyable Amour (1992)/Front.jpg
complete/[ECM 1457] Anouar Brahem - Conte de l'incroyable Amour (1992)/Inside.jpg
complete/[ECM 1457] Anouar Brahem - Conte de l'incroyable Amour (1992)/cover.jpg
complete/[ECM 1491-1492 NS] Meredith Monk - Atlas (An Opera in Three Parts) (1993)/
complete/[ECM 1491-1492 NS] Meredith Monk - Atlas (An Opera in Three Parts) (1993)/Artwork/R-1557553-1248898070.jpeg
complete/[ECM 1491-1492 NS] Meredith Monk - Atlas (An Opera in Three Parts) (1993)/Artwork/R-1557553-1347483518-3441.jpeg
complete/[ECM 1491-1492 NS] Meredith Monk - Atlas (An Opera in Three Parts) (1993)/Artwork/R-1557553-1347483523-3267.jpeg
complete/[ECM 1491-1492 NS] Meredith Monk - Atlas (An Opera in Three Parts) (1993)/Artwork/R-1557553-1347483528-3412.jpeg
complete/[ECM 1491-1492 NS] Meredith Monk - Atlas (An Opera in Three Parts) (1993)/Artwork/R-1557553-1347483533-7910.jpeg
complete/[ECM 1491-1492 NS] Meredith Monk - Atlas (An Opera in Three Parts) (1993)/Artwork/R-1557553-1347483539-5573.jpeg
complete/[ECM 1491-1492 NS] Meredith Monk - Atlas (An Opera in Three Parts) (1993)/Artwork/R-1557553-1347483544-7370.jpeg
complete/[ECM 1491-1492 NS] Meredith Monk - Atlas (An Opera in Three Parts) (1993)/Artwork/R-1557553-1347483550-7953.jpeg
complete/[ECM 1491-1492 NS] Meredith Monk - Atlas (An Opera in Three Parts) (1993)/Artwork/R-1557553-1347483555-2012.jpeg
complete/[ECM 1491-1492 NS] Meredith Monk - Atlas (An Opera in Three Parts) (1993)/Artwork/R-1557553-1347483562-3475.jpeg
complete/[ECM 1491-1492 NS] Meredith Monk - Atlas (An Opera in Three Parts) (1993)/Artwork/R-1557553-1347483567-3148.jpeg
complete/[ECM 1491-1492 NS] Meredith Monk - Atlas (An Opera in Three Parts) (1993)/Artwork/R-1557553-1347483576-3174.jpeg
complete/[ECM 1491-1492 NS] Meredith Monk - Atlas (An Opera in Three Parts) (1993)/Artwork/R-1557553-1347483582-1793.jpeg
complete/[ECM 1491-1492 NS] Meredith Monk - Atlas (An Opera in Three Parts) (1993)/Artwork/R-1557553-1347483591-9865.jpeg
complete/[ECM 1491-1492 NS] Meredith Monk - Atlas (An Opera in Three Parts) (1993)/Artwork/R-1557553-1347483598-7871.jpeg
complete/[ECM 1491-1492 NS] Meredith Monk - Atlas (An Opera in Three Parts) (1993)/Artwork/R-1557553-1347483603-9260.jpeg
complete/[ECM 1491-1492 NS] Meredith Monk - Atlas (An Opera in Three Parts) (1993)/Artwork/R-1557553-1347483608-1340.jpeg
complete/[ECM 1491-1492 NS] Meredith Monk - Atlas (An Opera in Three Parts) (1993)/Artwork/R-1557553-1347483615-6939.jpeg
complete/[ECM 1491-1492 NS] Meredith Monk - Atlas (An Opera in Three Parts) (1993)/Artwork/R-1557553-1347483627-1005.jpeg
complete/[ECM 1491-1492 NS] Meredith Monk - Atlas (An Opera in Three Parts) (1993)/Artwork/R-1557553-1347483639-6650.jpeg
complete/[ECM 1491-1492 NS] Meredith Monk - Atlas (An Opera in Three Parts) (1993)/Artwork/R-1557553-1347483645-6238.jpeg
complete/[ECM 1491-1492 NS] Meredith Monk - Atlas (An Opera in Three Parts) (1993)/Artwork/R-1557553-1347483650-6290.jpeg
complete/[ECM 1491-1492 NS] Meredith Monk - Atlas (An Opera in Three Parts) (1993)/Artwork/R-1557553-1347483655-7644.jpeg
complete/[ECM 1491-1492 NS] Meredith Monk - Atlas (An Opera in Three Parts) (1993)/Artwork/R-1557553-1347483660-3213.jpeg
complete/[ECM 1491-1492 NS] Meredith Monk - Atlas (An Opera in Three Parts) (1993)/Artwork/R-1557553-1347483665-6208.jpeg
complete/[ECM 1491-1492 NS] Meredith Monk - Atlas (An Opera in Three Parts) (1993)/Artwork/R-1557553-1347483671-2853.jpeg
complete/[ECM 1491-1492 NS] Meredith Monk - Atlas (An Opera in Three Parts) (1993)/Artwork/R-1557553-1347483676-1520.jpeg
complete/[ECM 1491-1492 NS] Meredith Monk - Atlas (An Opera in Three Parts) (1993)/Artwork/R-1557553-1347483682-1468.jpeg
complete/[ECM 1491-1492 NS] Meredith Monk - Atlas (An Opera in Three Parts) (1993)/Artwork/R-1557553-1347483687-5719.jpeg
complete/[ECM 1491-1492 NS] Meredith Monk - Atlas (An Opera in Three Parts) (1993)/Artwork/R-1557553-1347483693-2537.jpeg
complete/[ECM 1491-1492 NS] Meredith Monk - Atlas (An Opera in Three Parts) (1993)/Artwork/R-1557553-1347483698-4789.jpeg
complete/[ECM 1491-1492 NS] Meredith Monk - Atlas (An Opera in Three Parts) (1993)/Artwork/R-1557553-1347483703-4716.jpeg
complete/[ECM 1491-1492 NS] Meredith Monk - Atlas (An Opera in Three Parts) (1993)/Artwork/R-1557553-1347483709-1976.jpeg
complete/[ECM 1491-1492 NS] Meredith Monk - Atlas (An Opera in Three Parts) (1993)/Artwork/R-1557553-1347483719-8590.jpeg
complete/[ECM 1491-1492 NS] Meredith Monk - Atlas (An Opera in Three Parts) (1993)/Artwork/R-1557553-1347483725-2832.jpeg
complete/[ECM 1491-1492 NS] Meredith Monk - Atlas (An Opera in Three Parts) (1993)/Artwork/R-1557553-1347483730-2048.jpeg
complete/[ECM 1491-1492 NS] Meredith Monk - Atlas (An Opera in Three Parts) (1993)/Artwork/R-1557553-1347483736-9518.jpeg
complete/[ECM 1491-1492 NS] Meredith Monk - Atlas (An Opera in Three Parts) (1993)/Artwork/R-1557553-1347483742-5461.jpeg
complete/[ECM 1491-1492 NS] Meredith Monk - Atlas (An Opera in Three Parts) (1993)/Artwork/R-1557553-1347483749-1481.jpeg
complete/[ECM 1491-1492 NS] Meredith Monk - Atlas (An Opera in Three Parts) (1993)/Artwork/R-1557553-1347483756-9527.jpeg
complete/[ECM 1491-1492 NS] Meredith Monk - Atlas (An Opera in Three Parts) (1993)/Artwork/R-1557553-1347483765-1265.jpeg
complete/[ECM 1491-1492 NS] Meredith Monk - Atlas (An Opera in Three Parts) (1993)/Artwork/R-1557553-1347483772-6493.jpeg
complete/[ECM 1491-1492 NS] Meredith Monk - Atlas (An Opera in Three Parts) (1993)/Artwork/R-1557553-1347483780-4904.jpeg
complete/[ECM 1491-1492 NS] Meredith Monk - Atlas (An Opera in Three Parts) (1993)/Artwork/R-1557553-1347483787-3179.jpeg
complete/[ECM 1491-1492 NS] Meredith Monk - Atlas (An Opera in Three Parts) (1993)/Artwork/R-1557553-1347483795-2811.jpeg
complete/[ECM 1491-1492 NS] Meredith Monk - Atlas (An Opera in Three Parts) (1993)/Artwork/R-1557553-1347483803-5625.jpeg
complete/[ECM 1491-1492 NS] Meredith Monk - Atlas (An Opera in Three Parts) (1993)/Artwork/R-1557553-1347483811-7951.jpeg
complete/[ECM 1491-1492 NS] Meredith Monk - Atlas (An Opera in Three Parts) (1993)/Artwork/R-1557553-1347483821-9697.jpeg
complete/[ECM 1491-1492 NS] Meredith Monk - Atlas (An Opera in Three Parts) (1993)/Artwork/R-1557553-1347483829-8666.jpeg
complete/[ECM 1491-1492 NS] Meredith Monk - Atlas (An Opera in Three Parts) (1993)/Artwork/R-1557553-1347483836-6875.jpeg
complete/[ECM 1491-1492 NS] Meredith Monk - Atlas (An Opera in Three Parts) (1993)/Artwork/R-1557553-1347483845-4291.jpeg
complete/[ECM 1491-1492 NS] Meredith Monk - Atlas (An Opera in Three Parts) (1993)/CD 1/01. Personal Climate - Overture (Out of Body 1).flac
complete/[ECM 1491-1492 NS] Meredith Monk - Atlas (An Opera in Three Parts) (1993)/CD 1/02. Personal Climate - Travel Dream Song.flac
complete/[ECM 1491-1492 NS] Meredith Monk - Atlas (An Opera in Three Parts) (1993)/CD 1/03. Personal Climate - Home Scene.flac
complete/[ECM 1491-1492 NS] Meredith Monk - Atlas (An Opera in Three Parts) (1993)/CD 1/04. Personal Climate - Future Quest (The Call).flac
complete/[ECM 1491-1492 NS] Meredith Monk - Atlas (An Opera in Three Parts) (1993)/CD 1/05. Personal Climate - Rite of Passage A.flac
complete/[ECM 1491-1492 NS] Meredith Monk - Atlas (An Opera in Three Parts) (1993)/CD 1/06. Personal Climate - Choosing Companions.flac
complete/[ECM 1491-1492 NS] Meredith Monk - Atlas (An Opera in Three Parts) (1993)/CD 1/07. Personal Climate - Airport.flac
complete/[ECM 1491-1492 NS] Meredith Monk - Atlas (An Opera in Three Parts) (1993)/CD 1/08. Night Travel - Night Travel.flac
complete/[ECM 1491-1492 NS] Meredith Monk - Atlas (An Opera in Three Parts) (1993)/CD 1/09. Night Travel - Guides' Dance.flac
complete/[ECM 1491-1492 NS] Meredith Monk - Atlas (An Opera in Three Parts) (1993)/CD 1/10. Night Travel - Agricultural Community.flac
complete/[ECM 1491-1492 NS] Meredith Monk - Atlas (An Opera in Three Parts) (1993)/CD 2/01. Night Travel - Loss Song.flac
complete/[ECM 1491-1492 NS] Meredith Monk - Atlas (An Opera in Three Parts) (1993)/CD 2/02. Night Travel - Campfire-Hungry Ghost.flac
complete/[ECM 1491-1492 NS] Meredith Monk - Atlas (An Opera in Three Parts) (1993)/CD 2/03. Night Travel - Father's Hope.flac
complete/[ECM 1491-1492 NS] Meredith Monk - Atlas (An Opera in Three Parts) (1993)/CD 2/04. Night Travel - Ice Demons.flac
complete/[ECM 1491-1492 NS] Meredith Monk - Atlas (An Opera in Three Parts) (1993)/CD 2/05. Night Travel - Explorer #5-Lesson-Explorers' Procession.flac
complete/[ECM 1491-1492 NS] Meredith Monk - Atlas (An Opera in Three Parts) (1993)/CD 2/06. Night Travel - Lonely Spirit.flac
complete/[ECM 1491-1492 NS] Meredith Monk - Atlas (An Opera in Three Parts) (1993)/CD 2/07. Night Travel - Forest Questions.flac
complete/[ECM 1491-1492 NS] Meredith Monk - Atlas (An Opera in Three Parts) (1993)/CD 2/08. Night Travel - Desert Tango.flac
complete/[ECM 1491-1492 NS] Meredith Monk - Atlas (An Opera in Three Parts) (1993)/CD 2/09. Night Travel - Treachery (Temptation).flac
complete/[ECM 1491-1492 NS] Meredith Monk - Atlas (An Opera in Three Parts) (1993)/CD 2/10. Night Travel - Possibility of Destruction.flac
complete/[ECM 1491-1492 NS] Meredith Monk - Atlas (An Opera in Three Parts) (1993)/CD 2/11. Invisible Light - Out of Body 2.flac
complete/[ECM 1491-1492 NS] Meredith Monk - Atlas (An Opera in Three Parts) (1993)/CD 2/12. Invisible Light - Other Worlds Revealed.flac
complete/[ECM 1491-1492 NS] Meredith Monk - Atlas (An Opera in Three Parts) (1993)/CD 2/13. Invisible Light - Explorers' Junctures.flac
complete/[ECM 1491-1492 NS] Meredith Monk - Atlas (An Opera in Three Parts) (1993)/CD 2/14. Invisible Light - Earth Seen From Above.flac
complete/[ECM 1491-1492 NS] Meredith Monk - Atlas (An Opera in Three Parts) (1993)/CD 2/15. Invisible Light - Rite of Passage B.flac
complete/[ECM 1515] Jan Garbarek, Anouar Brahem & Ustad Shaukat Hussain - Madar (1993)/
complete/[ECM 1515] Jan Garbarek, Anouar Brahem & Ustad Shaukat Hussain - Madar (1993)/01 - Sull Lull.flac
complete/[ECM 1515] Jan Garbarek, Anouar Brahem & Ustad Shaukat Hussain - Madar (1993)/02 - Madar.flac
complete/[ECM 1515] Jan Garbarek, Anouar Brahem & Ustad Shaukat Hussain - Madar (1993)/03 - Sebika.flac
complete/[ECM 1515] Jan Garbarek, Anouar Brahem & Ustad Shaukat Hussain - Madar (1993)/04 - Bahia.flac
complete/[ECM 1515] Jan Garbarek, Anouar Brahem & Ustad Shaukat Hussain - Madar (1993)/05 - Ramy.flac
complete/[ECM 1515] Jan Garbarek, Anouar Brahem & Ustad Shaukat Hussain - Madar (1993)/06 - Jaw.flac
complete/[ECM 1515] Jan Garbarek, Anouar Brahem & Ustad Shaukat Hussain - Madar (1993)/07 - Joron.flac
complete/[ECM 1515] Jan Garbarek, Anouar Brahem & Ustad Shaukat Hussain - Madar (1993)/08 - Qaws.flac
complete/[ECM 1515] Jan Garbarek, Anouar Brahem & Ustad Shaukat Hussain - Madar (1993)/09 - Epilogue.flac
complete/[ECM 1515] Jan Garbarek, Anouar Brahem & Ustad Shaukat Hussain - Madar (1993)/Jan Garbarek Anouar Brahem Ustad Shaukat Hussain - Madar.log
complete/[ECM 1515] Jan Garbarek, Anouar Brahem & Ustad Shaukat Hussain - Madar (1993)/Jan Garbarek Anouar Brahem Ustad Shaukat Hussain - Madar.m3u
complete/[ECM 1515] Jan Garbarek, Anouar Brahem & Ustad Shaukat Hussain - Madar (1993)/Madar.cue
complete/[ECM 1515] Jan Garbarek, Anouar Brahem & Ustad Shaukat Hussain - Madar (1993)/cover.jpg
complete/[ECM 1515] Jan Garbarek, Anouar Brahem & Ustad Shaukat Hussain - Madar (1993)/Artwork/1.jpg
complete/[ECM 1515] Jan Garbarek, Anouar Brahem & Ustad Shaukat Hussain - Madar (1993)/Artwork/2.jpg
complete/[ECM 1515] Jan Garbarek, Anouar Brahem & Ustad Shaukat Hussain - Madar (1993)/Artwork/3.jpg
complete/[ECM 1515] Jan Garbarek, Anouar Brahem & Ustad Shaukat Hussain - Madar (1993)/Artwork/4.jpg
complete/[ECM 1515] Jan Garbarek, Anouar Brahem & Ustad Shaukat Hussain - Madar (1993)/Artwork/5-6.jpg
complete/[ECM 1515] Jan Garbarek, Anouar Brahem & Ustad Shaukat Hussain - Madar (1993)/Artwork/7.jpg
complete/[ECM 1515] Jan Garbarek, Anouar Brahem & Ustad Shaukat Hussain - Madar (1993)/Artwork/8.jpg
complete/[ECM 1515] Jan Garbarek, Anouar Brahem & Ustad Shaukat Hussain - Madar (1993)/Artwork/back.jpg
complete/[ECM 1515] Jan Garbarek, Anouar Brahem & Ustad Shaukat Hussain - Madar (1993)/Artwork/disc.jpg
complete/[ECM 1561] Anouar Brahem - Khomsa (1995)/01. Comme un depart.flac
complete/[ECM 1561] Anouar Brahem - Khomsa (1995)/02. L'infini jour.flac
complete/[ECM 1561] Anouar Brahem - Khomsa (1995)/03. Souffle un vent de sable.flac
complete/[ECM 1561] Anouar Brahem - Khomsa (1995)/04. Regard de mouette.flac
complete/[ECM 1561] Anouar Brahem - Khomsa (1995)/05. Sur l'infini bleu.flac
complete/[ECM 1561] Anouar Brahem - Khomsa (1995)/06. Claquent les voiles.flac
complete/[ECM 1561] Anouar Brahem - Khomsa (1995)/07. Vague.flac
complete/[ECM 1561] Anouar Brahem - Khomsa (1995)/08. E la nave va.flac
complete/[ECM 1561] Anouar Brahem - Khomsa (1995)/09. Ain ghazel.flac
complete/[ECM 1561] Anouar Brahem - Khomsa (1995)/10. Khomsa.flac
complete/[ECM 1561] Anouar Brahem - Khomsa (1995)/11. Seule.flac
complete/[ECM 1561] Anouar Brahem - Khomsa (1995)/12. Nouvelle vague.flac
complete/[ECM 1561] Anouar Brahem - Khomsa (1995)/13. En robe d'olivier.flac
complete/[ECM 1561] Anouar Brahem - Khomsa (1995)/14. Des rayons et des ombres.flac
complete/[ECM 1561] Anouar Brahem - Khomsa (1995)/15. Un sentier d'alliance.flac
complete/[ECM 1561] Anouar Brahem - Khomsa (1995)/16. Comme une absence.flac
complete/[ECM 1561] Anouar Brahem - Khomsa (1995)/Back.jpg
complete/[ECM 1561] Anouar Brahem - Khomsa (1995)/Booklet 01.jpg
complete/[ECM 1561] Anouar Brahem - Khomsa (1995)/Booklet 02.jpg
complete/[ECM 1561] Anouar Brahem - Khomsa (1995)/Booklet 03.jpg
complete/[ECM 1561] Anouar Brahem - Khomsa (1995)/CD.jpg
complete/[ECM 1561] Anouar Brahem - Khomsa (1995)/Front.jpg
complete/[ECM 1561] Anouar Brahem - Khomsa (1995)/cover.jpg
complete/[ECM 1696 NS] John Cage - The Seasons (2000)/
complete/[ECM 1696 NS] John Cage - The Seasons (2000)/01. Seventy-Four (Versoin I).flac
complete/[ECM 1696 NS] John Cage - The Seasons (2000)/02. The Seasons - Prelude I, Winter.flac
complete/[ECM 1696 NS] John Cage - The Seasons (2000)/03. The Seasons - Prelude II, Spring.flac
complete/[ECM 1696 NS] John Cage - The Seasons (2000)/04. The Seasons - Prelude III, Summer.flac
complete/[ECM 1696 NS] John Cage - The Seasons (2000)/05. The Seasons - Prelude IV, Fall.flac
complete/[ECM 1696 NS] John Cage - The Seasons (2000)/06. Concerto for Prepared Piano and Orchestra - First Part.flac
complete/[ECM 1696 NS] John Cage - The Seasons (2000)/07. Concerto for Prepared Piano and Orchestra - Second Part.flac
complete/[ECM 1696 NS] John Cage - The Seasons (2000)/08. Concerto for Prepared Piano and Orchestra - Third Part.flac
complete/[ECM 1696 NS] John Cage - The Seasons (2000)/09. Seventy-Four (Version II).flac
complete/[ECM 1696 NS] John Cage - The Seasons (2000)/10. Suite For Toy Piano - I.flac
complete/[ECM 1696 NS] John Cage - The Seasons (2000)/11. Suite For Toy Piano - II.flac
complete/[ECM 1696 NS] John Cage - The Seasons (2000)/12. Suite For Toy Piano - III.flac
complete/[ECM 1696 NS] John Cage - The Seasons (2000)/13. Suite For Toy Piano - IV.flac
complete/[ECM 1696 NS] John Cage - The Seasons (2000)/14. Suite For Toy Piano - V.flac
complete/[ECM 1696 NS] John Cage - The Seasons (2000)/15. Suite For Toy Piano (Orchestration- Lou Harrison) - I.flac
complete/[ECM 1696 NS] John Cage - The Seasons (2000)/16. Suite For Toy Piano (Orchestration- Lou Harrison) - II.flac
complete/[ECM 1696 NS] John Cage - The Seasons (2000)/17. Suite For Toy Piano (Orchestration- Lou Harrison) - III.flac
complete/[ECM 1696 NS] John Cage - The Seasons (2000)/18. Suite For Toy Piano (Orchestration- Lou Harrison) - IV.flac
complete/[ECM 1696 NS] John Cage - The Seasons (2000)/19. Suite For Toy Piano (Orchestration- Lou Harrison) - V.flac
complete/[ECM 1696 NS] John Cage - The Seasons (2000)/Covers/SKMBT_C25210061518030_0001.jpg
complete/[ECM 1696 NS] John Cage - The Seasons (2000)/Covers/SKMBT_C25210061518030_0002.jpg
complete/[ECM 1696 NS] John Cage - The Seasons (2000)/Covers/SKMBT_C25210061518030_0003.jpg
complete/[ECM 1696 NS] John Cage - The Seasons (2000)/Covers/SKMBT_C25210061518030_0004.jpg
complete/[ECM 1696 NS] John Cage - The Seasons (2000)/Covers/SKMBT_C25210061518030_0005.jpg
complete/[ECM 1696 NS] John Cage - The Seasons (2000)/Covers/SKMBT_C25210061518030_0006.jpg
complete/[ECM 1696 NS] John Cage - The Seasons (2000)/Covers/SKMBT_C25210061518030_0007.jpg
complete/[ECM 1696 NS] John Cage - The Seasons (2000)/Covers/SKMBT_C25210061518030_0008.jpg
complete/[ECM 1696 NS] John Cage - The Seasons (2000)/Covers/SKMBT_C25210061518030_0009.jpg
complete/[ECM 1696 NS] John Cage - The Seasons (2000)/Covers/SKMBT_C25210061518030_0010.jpg
complete/[ECM 1696 NS] John Cage - The Seasons (2000)/Covers/SKMBT_C25210061518030_0011.jpg
complete/[ECM 1696 NS] John Cage - The Seasons (2000)/Covers/SKMBT_C25210061518030_0012.jpg
complete/[ECM 1696 NS] John Cage - The Seasons (2000)/Covers/SKMBT_C25210061518030_0013.jpg
complete/[ECM 1696 NS] John Cage - The Seasons (2000)/Covers/SKMBT_C25210061518030_0014.jpg
complete/[ECM 1696 NS] John Cage - The Seasons (2000)/Covers/SKMBT_C25210061518030_0015.jpg
complete/[ECM 1696 NS] John Cage - The Seasons (2000)/Covers/SKMBT_C25210061518030_0016.jpg
complete/[ECM 1696 NS] John Cage - The Seasons (2000)/Covers/SKMBT_C25210061518030_0017.jpg
complete/[ECM 1696 NS] John Cage - The Seasons (2000)/Covers/SKMBT_C25210061518030_0018.jpg
complete/[ECM 1696 NS] John Cage - The Seasons (2000)/Covers/SKMBT_C25210061518030_0019.jpg
complete/[ECM 1696 NS] John Cage - The Seasons (2000)/Covers/SKMBT_C25210061518030_0020.jpg
complete/[ECM 1711] Bartok - Concerto, Eotvos - Replica, Kurtag - Movement (2000)/Artwork/cover 8.jpg
complete/[ECM 1711] Bartok - Concerto, Eotvos - Replica, Kurtag - Movement (2000)/Artwork/cover 9.jpg
complete/[ECM 1711] Bartok - Concerto, Eotvos - Replica, Kurtag - Movement (2000)/Artwork/cover a.jpg
complete/[ECM 1711] Bartok - Concerto, Eotvos - Replica, Kurtag - Movement (2000)/Artwork/cover b.jpg
complete/[ECM 1711] Bartok - Concerto, Eotvos - Replica, Kurtag - Movement (2000)/Artwork/tray.jpg
complete/[ECM 1722] Nils Petter Molvaer - Solid Ether (2000)/01. Dead Indeed.flac
complete/[ECM 1722] Nils Petter Molvaer - Solid Ether (2000)/02. Vilderness 1.flac
complete/[ECM 1722] Nils Petter Molvaer - Solid Ether (2000)/03. Kakonita.flac
complete/[ECM 1722] Nils Petter Molvaer - Solid Ether (2000)/04. Merciful 1.flac
complete/[ECM 1722] Nils Petter Molvaer - Solid Ether (2000)/05. Ligotage.flac
complete/[ECM 1722] Nils Petter Molvaer - Solid Ether (2000)/06. Trip.flac
complete/[ECM 1722] Nils Petter Molvaer - Solid Ether (2000)/07. Vilderness 2.flac
complete/[ECM 1722] Nils Petter Molvaer - Solid Ether (2000)/08. Tragamar.flac
complete/[ECM 1722] Nils Petter Molvaer - Solid Ether (2000)/09. Solid Ether.flac
complete/[ECM 1722] Nils Petter Molvaer - Solid Ether (2000)/10. Merciful 2.flac
complete/[ECM 1722] Nils Petter Molvaer - Solid Ether (2000)/Nils_Petter_Molvaer_-_Solid_Ether-back.jpg
complete/[ECM 1722] Nils Petter Molvaer - Solid Ether (2000)/Nils_Petter_Molvaer_-_Solid_Ether-front.jpg
complete/[ECM 1722] Nils Petter Molvaer - Solid Ether (2000)/Nils_Petter_Molvaer_-_Solid_Ether-front1.jpg
complete/[ECM 1722] Nils Petter Molvaer - Solid Ether (2000)/Solid Ether.log
complete/[ECM 1722] Nils Petter Molvaer - Solid Ether (2000)/molvaer_nils_petter_-_solid_ether_-_booklet_inside_3.jpg
complete/[ECM 1722] Nils Petter Molvaer - Solid Ether (2000)/molvaer_nils_petter_-_solid_ether_-_cd_label.jpg
complete/joan jeanrenaud - visual music [2016][decont]/01 Solo Prelude.mp3

sent 2,539,527,520 bytes  received 4,363 bytes  3,886,047.26 bytes/sec
total size is 6,398,028,758  speedup is 2.52
